android/build/intermediates/manifest_merge_blame_file/debug/manifest-merger-blame-debug-report.txt
1<?xml version="1.0" encoding="utf-8"?>
2<manifest xmlns:android="http://schemas.android.com/apk/res/android"
3    package="com.uramnoil.android"
4    android:versionCode="1"
5    android:versionName="1.0" >
6
7    <uses-sdk
8        android:minSdkVersion="24"
8-->src/main/AndroidManifest.xml
9        android:targetSdkVersion="30" />
9-->src/main/AndroidManifest.xml
10
11    <application
11-->src/main/AndroidManifest.xml:3:5-13:19
12        android:allowBackup="false"
12-->src/main/AndroidManifest.xml:4:13-40
13        android:appComponentFactory="androidx.core.app.CoreComponentFactory"
13-->[androidx.core:core:1.6.0] AndroidManifest.xml:24:18-86
14        android:debuggable="true"
15        android:extractNativeLibs="false"
16        android:supportsRtl="true"
16-->src/main/AndroidManifest.xml:5:13-39
17        android:theme="@style/Theme.AppCompat.Light.NoActionBar" >
17-->src/main/AndroidManifest.xml:6:13-69
18        <activity android:name="com.uramnoil.android.MainActivity" >
18-->src/main/AndroidManifest.xml:7:13-12:20
18-->src/main/AndroidManifest.xml:7:23-51
19            <intent-filter>
19-->src/main/AndroidManifest.xml:8:13-11:29
20                <action android:name="android.intent.action.MAIN" />
20-->src/main/AndroidManifest.xml:9:17-68
20-->src/main/AndroidManifest.xml:9:25-66
21
22                <category android:name="android.intent.category.LAUNCHER" />
22-->src/main/AndroidManifest.xml:10:17-76
22-->src/main/AndroidManifest.xml:10:27-74
23            </intent-filter>
24        </activity>
25    </application>
26
27</manifest>